<?xml version="1.0" encoding="UTF-8"?>
<testsuite xmlns:xsi="http://www.w3.org/2001/XMLSchema-instance" xsi:noNamespaceSchemaLocation="https://maven.apache.org/surefire/maven-surefire-plugin/xsd/surefire-test-report-3.0.xsd" version="3.0" name="com.example.AppTest" time="0.039" tests="1" errors="0" skipped="0" failures="0">
  <properties>
    <property name="java.specification.version" value="17"/>
    <property name="sun.cpu.isalist" value="amd64"/>
    <property name="sun.jnu.encoding" value="Cp1252"/>
    <property name="java.class.path" value="J:\Java2\demo\target\test-classes;J:\Java2\demo\target\classes;C:\Users\Jay\.m2\repository\junit\junit\4.11\junit-4.11.jar;C:\Users\Jay\.m2\repository\org\hamcrest\hamcrest-core\1.3\hamcrest-core-1.3.jar;C:\Users\Jay\.m2\repository\mysql\mysql-connector-java\8.0.26\mysql-connector-java-8.0.26.jar;C:\Users\Jay\.m2\repository\com\google\protobuf\protobuf-java\3.11.4\protobuf-java-3.11.4.jar;C:\Users\Jay\.m2\repository\org\openjfx\javafx-base\16\javafx-base-16.jar;C:\Users\Jay\.m2\repository\org\openjfx\javafx-base\16\javafx-base-16-win.jar;C:\Users\Jay\.m2\repository\org\openjfx\javafx-controls\16\javafx-controls-16.jar;C:\Users\Jay\.m2\repository\org\openjfx\javafx-controls\16\javafx-controls-16-win.jar;C:\Users\Jay\.m2\repository\org\openjfx\javafx-graphics\16\javafx-graphics-16.jar;C:\Users\Jay\.m2\repository\org\openjfx\javafx-graphics\16\javafx-graphics-16-win.jar;C:\Users\Jay\.m2\repository\com\gluonhq\charm-glisten\5.0.0\charm-glisten-5.0.0.jar;C:\Users\Jay\.m2\repository\com\gluonhq\charm-down-plugin-display\3.8.0\charm-down-plugin-display-3.8.0.jar;C:\Users\Jay\.m2\repository\com\gluonhq\charm-down-core\3.8.0\charm-down-core-3.8.0.jar;C:\Users\Jay\.m2\repository\com\gluonhq\charm-down-plugin-lifecycle\3.8.0\charm-down-plugin-lifecycle-3.8.0.jar;C:\Users\Jay\.m2\repository\com\gluonhq\charm-down-plugin-statusbar\3.8.0\charm-down-plugin-statusbar-3.8.0.jar;C:\Users\Jay\.m2\repository\com\gluonhq\charm-down-plugin-storage\3.8.0\charm-down-plugin-storage-3.8.0.jar;C:\Users\Jay\.m2\repository\org\mindrot\jbcrypt\0.4\jbcrypt-0.4.jar;"/>
    <property name="java.vm.vendor" value="BellSoft"/>
    <property name="sun.arch.data.model" value="64"/>
    <property name="user.variant" value=""/>
    <property name="java.vendor.url" value="https://bell-sw.com/"/>
    <property name="user.timezone" value="America/New_York"/>
    <property name="os.name" value="Windows 11"/>
    <property name="java.vm.specification.version" value="17"/>
    <property name="sun.java.launcher" value="SUN_STANDARD"/>
    <property name="user.country" value="US"/>
    <property name="sun.boot.library.path" value="C:\Program Files\BellSoft\LibericaJDK-17-Full\bin"/>
    <property name="sun.java.command" value="C:\Users\Jay\AppData\Local\Temp\surefire17184864443031840060\surefirebooter-20231015183527825_3.jar C:\Users\Jay\AppData\Local\Temp\surefire17184864443031840060 2023-10-15T18-35-27_491-jvmRun1 surefire-20231015183527825_1tmp surefire_0-20231015183527825_2tmp"/>
    <property name="jdk.debug" value="release"/>
    <property name="surefire.test.class.path" value="J:\Java2\demo\target\test-classes;J:\Java2\demo\target\classes;C:\Users\Jay\.m2\repository\junit\junit\4.11\junit-4.11.jar;C:\Users\Jay\.m2\repository\org\hamcrest\hamcrest-core\1.3\hamcrest-core-1.3.jar;C:\Users\Jay\.m2\repository\mysql\mysql-connector-java\8.0.26\mysql-connector-java-8.0.26.jar;C:\Users\Jay\.m2\repository\com\google\protobuf\protobuf-java\3.11.4\protobuf-java-3.11.4.jar;C:\Users\Jay\.m2\repository\org\openjfx\javafx-base\16\javafx-base-16.jar;C:\Users\Jay\.m2\repository\org\openjfx\javafx-base\16\javafx-base-16-win.jar;C:\Users\Jay\.m2\repository\org\openjfx\javafx-controls\16\javafx-controls-16.jar;C:\Users\Jay\.m2\repository\org\openjfx\javafx-controls\16\javafx-controls-16-win.jar;C:\Users\Jay\.m2\repository\org\openjfx\javafx-graphics\16\javafx-graphics-16.jar;C:\Users\Jay\.m2\repository\org\openjfx\javafx-graphics\16\javafx-graphics-16-win.jar;C:\Users\Jay\.m2\repository\com\gluonhq\charm-glisten\5.0.0\charm-glisten-5.0.0.jar;C:\Users\Jay\.m2\repository\com\gluonhq\charm-down-plugin-display\3.8.0\charm-down-plugin-display-3.8.0.jar;C:\Users\Jay\.m2\repository\com\gluonhq\charm-down-core\3.8.0\charm-down-core-3.8.0.jar;C:\Users\Jay\.m2\repository\com\gluonhq\charm-down-plugin-lifecycle\3.8.0\charm-down-plugin-lifecycle-3.8.0.jar;C:\Users\Jay\.m2\repository\com\gluonhq\charm-down-plugin-statusbar\3.8.0\charm-down-plugin-statusbar-3.8.0.jar;C:\Users\Jay\.m2\repository\com\gluonhq\charm-down-plugin-storage\3.8.0\charm-down-plugin-storage-3.8.0.jar;C:\Users\Jay\.m2\repository\org\mindrot\jbcrypt\0.4\jbcrypt-0.4.jar;"/>
    <property name="sun.cpu.endian" value="little"/>
    <property name="user.home" value="C:\Users\Jay"/>
    <property name="user.language" value="en"/>
    <property name="java.specification.vendor" value="Oracle Corporation"/>
    <property name="java.version.date" value="2022-10-18"/>
    <property name="java.home" value="C:\Program Files\BellSoft\LibericaJDK-17-Full"/>
    <property name="file.separator" value="\"/>
    <property name="basedir" value="J:\Java2\demo"/>
    <property name="java.vm.compressedOopsMode" value="Zero based"/>
    <property name="line.separator" value="&#10;"/>
    <property name="java.vm.specification.vendor" value="Oracle Corporation"/>
    <property name="java.specification.name" value="Java Platform API Specification"/>
    <property name="surefire.real.class.path" value="C:\Users\Jay\AppData\Local\Temp\surefire17184864443031840060\surefirebooter-20231015183527825_3.jar"/>
    <property name="user.script" value=""/>
    <property name="sun.management.compiler" value="HotSpot 64-Bit Tiered Compilers"/>
    <property name="java.runtime.version" value="17.0.5+8-LTS"/>
    <property name="user.name" value="Jay"/>
    <property name="path.separator" value=";"/>
    <property name="os.version" value="10.0"/>
    <property name="java.runtime.name" value="OpenJDK Runtime Environment"/>
    <property name="file.encoding" value="Cp1252"/>
    <property name="java.vm.name" value="OpenJDK 64-Bit Server VM"/>
    <property name="localRepository" value="C:\Users\Jay\.m2\repository"/>
    <property name="java.vendor.url.bug" value="https://bell-sw.com/support"/>
    <property name="java.io.tmpdir" value="C:\Users\Jay\AppData\Local\Temp\"/>
    <property name="java.version" value="17.0.5"/>
    <property name="user.dir" value="J:\Java2\demo"/>
    <property name="os.arch" value="amd64"/>
    <property name="java.vm.specification.name" value="Java Virtual Machine Specification"/>
    <property name="sun.os.patch.level" value=""/>
    <property name="native.encoding" value="Cp1252"/>
    <property name="java.library.path" value="C:\Program Files\BellSoft\LibericaJDK-17-Full\bin;C:\WINDOWS\Sun\Java\bin;C:\WINDOWS\system32;C:\WINDOWS;C:\Program Files\Eclipse Adoptium\jdk-17.0.8.101-hotspot\bin;C:\Program Files\BellSoft\LibericaJDK-17-Full\bin\;C:\Program Files\Common Files\Oracle\Java\javapath;C:\Program Files (x86)\Razer Chroma SDK\bin;C:\Program Files\Razer Chroma SDK\bin;C:\Program Files (x86)\Razer\ChromaBroadcast\bin;C:\Program Files\Razer\ChromaBroadcast\bin;C:\ProgramData\Oracle\Java\javapath;C:\Program Files (x86)\Common Files\Oracle\Java\javapath;C:\Windows\system32;C:\Windows;C:\Windows\System32\Wbem;C:\Windows\System32\WindowsPowerShell\v1.0\;C:\Windows\System32\OpenSSH\;C:\Program Files (x86)\NVIDIA Corporation\PhysX\Common;C:\Program Files\dotnet\;C:\Program Files (x86)\dotnet\;C:\Program Files (x86)\AOMEI\AOMEI Backupper 6.0.0;C:\WINDOWS\system32;C:\WINDOWS;C:\WINDOWS\System32\Wbem;C:\WINDOWS\System32\WindowsPowerShell\v1.0\;C:\WINDOWS\System32\OpenSSH\;C:\Program Files\PuTTY\;C:\Program Files\Wiimm\WIT;C:\Users\Jay\Desktop\wit-v3.04a-r8427-cygwin64\bin;C:\xampp\php;C:\WINDOWS\system32\config\systemprofile\AppData\Local\Microsoft\WindowsApps;C:\Program Files (x86)\Gpg4win\..\GnuPG\bin;C:\Program Files\Java\jdk-19;C:\WINDOWS\system32;C:\WINDOWS;C:\WINDOWS\System32\Wbem;C:\WINDOWS\System32\WindowsPowerShell\v1.0\;C:\WINDOWS\System32\OpenSSH\;C:\Program Files\Wiimm\SZS;C:\Program Files\NVIDIA Corporation\NVIDIA NvDLISR;C:\Program Files\nodejs\;C:\ProgramData\chocolatey\bin;C:\Program Files\Microsoft SQL Server\150\Tools\Binn\;C:\Program Files (x86)\Windows Kits\10\Windows Performance Toolkit\;C:\Program Files\Git\cmd;C:\ProgramData\chocolatey\lib\maven\apache-maven-3.9.5\bin;C:\Users\Jay\AppData\Local\Microsoft\WindowsApps;C:\Users\Jay\AppData\Local\Programs\Microsoft VS Code\bin;C:\Users\Jay\AppData\Local\spicetify;C:\Users\Jay\AppData\Local\Microsoft\WindowsApps;C:\Users\Jay\AppData\Roaming\npm;C:\Users\Jay\AppData\Local\GitHubDesktop\bin;C:\Users\Jay\Downloads\apache-maven-3.9.5-bin.zip\apache-maven-3.9.5\bin;."/>
    <property name="java.vm.info" value="mixed mode, sharing"/>
    <property name="java.vendor" value="BellSoft"/>
    <property name="java.vm.version" value="17.0.5+8-LTS"/>
    <property name="sun.io.unicode.encoding" value="UnicodeLittle"/>
    <property name="java.class.version" value="61.0"/>
  </properties>
  <testcase name="shouldAnswerWithTrue" classname="com.example.AppTest" time="0.001"/>
</testsuite>